<?xml version="1.0" encoding="UTF-8"?>
<!-- Generated by org.testng.reporters.JUnitReportReporter -->
<testsuite skipped="0" hostname="LAPTOP-NU19P0D7" name="org.base.A" tests="1" failures="0" timestamp="14 Jun 2022 07:31:10 GMT" time="0.014" errors="0">
  <testcase name="test" time="0.014" classname="org.base.A"/>
</testsuite> <!-- org.base.A -->
